<?xml version="1.0" encoding="UTF-8"?>
<!-- Generated by org.testng.reporters.JUnitReportReporter -->
<testsuite skipped="0" hostname="SANGEETAs-MacBook-Air.local" name="com.mobile.tests.GDPR_TCFV2_MetaAppTests" tests="1" failures="0" timestamp="08 Jun 2020 06:19:09 GMT" time="172.998" errors="0">
  <testcase name="CheckCancelFromPrivacyManager" time="172.998" classname="com.mobile.tests.GDPR_TCFV2_MetaAppTests"/>
</testsuite> <!-- com.mobile.tests.GDPR_TCFV2_MetaAppTests -->
