<?xml version="1.0" encoding="UTF-8"?>
<!-- Generated by org.testng.reporters.JUnitReportReporter -->
<testsuite skipped="8" hostname="Vishals-Mac.local" name="com.mobile.tests.GDPR_SDKTests" tests="8" failures="0" timestamp="18 May 2020 12:03:38 GMT" time="112.927" errors="0">
  <testcase name="CheckConsentOnRejectAllFromPM" time="13.298" classname="com.mobile.tests.GDPR_SDKTests">
    <skipped/>
  </testcase> <!-- CheckConsentOnRejectAllFromPM -->
  <testcase name="CheckPurposeConsentAfterRestCookies" time="14.300" classname="com.mobile.tests.GDPR_SDKTests">
    <skipped/>
  </testcase> <!-- CheckPurposeConsentAfterRestCookies -->
  <testcase name="CheckConsentOnAcceptAllFromConsentView" time="11.822" classname="com.mobile.tests.GDPR_SDKTests">
    <skipped/>
  </testcase> <!-- CheckConsentOnAcceptAllFromConsentView -->
  <testcase name="CheckCancleFromPrivacyManager" time="15.252" classname="com.mobile.tests.GDPR_SDKTests">
    <skipped/>
  </testcase> <!-- CheckCancleFromPrivacyManager -->
  <testcase name="CheckCancelFromDirectPrivacyManager" time="14.480" classname="com.mobile.tests.GDPR_SDKTests">
    <skipped/>
  </testcase> <!-- CheckCancelFromDirectPrivacyManager -->
  <testcase name="CheckConsentOnRejectAllFromConsentView" time="13.489" classname="com.mobile.tests.GDPR_SDKTests">
    <skipped/>
  </testcase> <!-- CheckConsentOnRejectAllFromConsentView -->
  <testcase name="CheckAcceptAllFromPrivacyManager" time="14.253" classname="com.mobile.tests.GDPR_SDKTests">
    <skipped/>
  </testcase> <!-- CheckAcceptAllFromPrivacyManager -->
  <testcase name="CheckConsentDataFromPrivacyManagerDirect" time="16.033" classname="com.mobile.tests.GDPR_SDKTests">
    <skipped/>
  </testcase> <!-- CheckConsentDataFromPrivacyManagerDirect -->
</testsuite> <!-- com.mobile.tests.GDPR_SDKTests -->
